<?xml version="1.0" encoding="UTF-8"?>
<!-- Generated by org.testng.reporters.JUnitReportReporter -->
<testsuite skipped="0" hostname="ceko-PC" name="package1.Grid_3" tests="1" failures="0" timestamp="27 Nov 2016 01:19:03 GMT" time="3.273" errors="0">
  <testcase name="simpleTest" time="3.273" classname="package1.Grid_3"/>
</testsuite> <!-- package1.Grid_3 -->
